{
  "stats": {
    "suites": 1,
    "tests": 1,
    "passes": 1,
    "pending": 0,
    "failures": 0,
    "start": "2024-10-12T15:57:16.042Z",
    "end": "2024-10-12T15:57:19.148Z",
    "duration": 3106,
    "testsRegistered": 1,
    "passPercent": 100,
    "pendingPercent": 0,
    "other": 0,
    "hasOther": false,
    "skipped": 0,
    "hasSkipped": false
  },
  "results": [
    {
      "uuid": "dedeec2e-4be0-4004-bee7-3cc3f7a1c428",
      "title": "",
      "fullFile": "cypress/e2e/regression/regressionUser.cy.js",
      "file": "cypress/e2e/regression/regressionUser.cy.js",
      "beforeHooks": [],
      "afterHooks": [],
      "tests": [],
      "suites": [
        {
          "uuid": "5cb734ec-983a-4573-b46f-195c788d42a4",
          "title": "Regression User Side Test Suite",
          "fullFile": "",
          "file": "",
          "beforeHooks": [],
          "afterHooks": [],
          "tests": [
            {
              "title": "should check links on the homepage",
              "fullTitle": "Regression User Side Test Suite should check links on the homepage",
              "timedOut": null,
              "duration": 3067,
              "state": "passed",
              "speed": "fast",
              "pass": true,
              "fail": false,
              "pending": false,
              "context": null,
              "code": "homePage.visitHomePage();\nhomePage.getWelcomeHeader().should('contain.text', 'Welcome');\nhomePage.clickOnCompanyLink();\nhomePage.clickOnAboutUsLink();\nhomePage.getHeader().should('contain.text', 'About us');\nhomePage.clickOnCompanyLink();\nhomePage.clickOnSafetyAndQualityLink();\nhomePage.getHeader().should('contain.text', 'Safety and quality');\nhomePage.clickOnCompanyLink();\nhomePage.clickOnFaqLink();\nhomePage.getHeader().should('contain.text', 'Frequently asked questions');\nhomePage.clickOnHomeLink();",
              "err": {},
              "uuid": "5c66ef38-0959-48eb-9f22-a132baf237b2",
              "parentUUID": "5cb734ec-983a-4573-b46f-195c788d42a4",
              "isHook": false,
              "skipped": false
            }
          ],
          "suites": [],
          "passes": [
            "5c66ef38-0959-48eb-9f22-a132baf237b2"
          ],
          "failures": [],
          "pending": [],
          "skipped": [],
          "duration": 3067,
          "root": false,
          "rootEmpty": false,
          "_timeout": 2000
        }
      ],
      "passes": [],
      "failures": [],
      "pending": [],
      "skipped": [],
      "duration": 0,
      "root": true,
      "rootEmpty": true,
      "_timeout": 2000
    }
  ],
  "meta": {
    "mocha": {
      "version": "7.0.1"
    },
    "mochawesome": {
      "options": {
        "quiet": false,
        "reportFilename": "mochawesome",
        "saveHtml": true,
        "saveJson": true,
        "consoleReporter": "spec",
        "useInlineDiffs": false,
        "code": true
      },
      "version": "7.1.3"
    },
    "marge": {
      "options": {
        "id": "default",
        "reportDir": "cypress/reports",
        "overwrite": false,
        "html": true,
        "json": true
      },
      "version": "6.2.0"
    }
  }
}