{
  "stats": {
    "suites": 1,
    "tests": 7,
    "passes": 4,
    "pending": 0,
    "failures": 3,
    "start": "2024-10-12T15:48:36.310Z",
    "end": "2024-10-12T15:49:04.935Z",
    "duration": 28625,
    "testsRegistered": 7,
    "passPercent": 57.14285714285714,
    "pendingPercent": 0,
    "other": 0,
    "hasOther": false,
    "skipped": 0,
    "hasSkipped": false
  },
  "results": [
    {
      "uuid": "7514c295-9d61-4bf7-bb13-6dd4905aab27",
      "title": "",
      "fullFile": "cypress/e2e/smokeTest/smokeTest.cy.js",
      "file": "cypress/e2e/smokeTest/smokeTest.cy.js",
      "beforeHooks": [],
      "afterHooks": [],
      "tests": [],
      "suites": [
        {
          "uuid": "b676bd3b-41ac-43fd-91b5-90913d40f263",
          "title": "Smoke Test Suite",
          "fullFile": "",
          "file": "",
          "beforeHooks": [],
          "afterHooks": [],
          "tests": [
            {
              "title": "should check for Welcome header on homepage",
              "fullTitle": "Smoke Test Suite should check for Welcome header on homepage",
              "timedOut": null,
              "duration": 1086,
              "state": "passed",
              "speed": "fast",
              "pass": true,
              "fail": false,
              "pending": false,
              "context": null,
              "code": "homePage.visitHomePage();\nhomePage.getWelcomeHeader().should('contain.text', 'Welcome');\nhomePage.clickOnUserProfile();",
              "err": {},
              "uuid": "6856d919-8a13-4453-945f-5af390252e56",
              "parentUUID": "b676bd3b-41ac-43fd-91b5-90913d40f263",
              "isHook": false,
              "skipped": false
            },
            {
              "title": "should login",
              "fullTitle": "Smoke Test Suite should login",
              "timedOut": null,
              "duration": 1419,
              "state": "passed",
              "speed": "fast",
              "pass": true,
              "fail": false,
              "pending": false,
              "context": null,
              "code": "loginPage.visitLoginPage();\nloginPage.loginToPage(data.loginCredentials.email, data.loginCredentials.password);",
              "err": {},
              "uuid": "9c2be193-d411-4509-8795-8787fe0d76fc",
              "parentUUID": "b676bd3b-41ac-43fd-91b5-90913d40f263",
              "isHook": false,
              "skipped": false
            },
            {
              "title": "should populate from and to fields",
              "fullTitle": "Smoke Test Suite should populate from and to fields",
              "timedOut": null,
              "duration": 2370,
              "state": "passed",
              "speed": "fast",
              "pass": true,
              "fail": false,
              "pending": false,
              "context": null,
              "code": "homePage.visitHomePage();\nhomePage.getWelcomeHeader().should('contain.text', 'Welcome');\nhomePage.enterFromLocationIntoSearchForm(data.searchFormData.from);\nhomePage.selectDropDownFrom();\nhomePage.enterToLocationIntoSearchForm(data.searchFormData.to);\nhomePage.selectDropdownTo();\nhomePage.clickOnDate();\nhomePage.selectDay();\nhomePage.clickOnSearchButton();",
              "err": {},
              "uuid": "739e18f3-0752-43a8-b657-5f953ffd4c69",
              "parentUUID": "b676bd3b-41ac-43fd-91b5-90913d40f263",
              "isHook": false,
              "skipped": false
            },
            {
              "title": "should verify search results are displayed",
              "fullTitle": "Smoke Test Suite should verify search results are displayed",
              "timedOut": null,
              "duration": 6083,
              "state": "passed",
              "speed": "medium",
              "pass": true,
              "fail": false,
              "pending": false,
              "context": null,
              "code": "searchResultsPage.visitSearchResultPage();\nsearchResultsPage.getSearchResultsHeader().should('be.visible').should('contain', 'Select your pick-up address');\nsearchResultsPage.insertPickupAddress(data.pickupAddress.pickupAddress);\nsearchResultsPage.getPickupDropdown();\nsearchResultsPage.clickOnConfirmButton();\nsearchResultsPage.clickOnRouteList();\nsearchResultsPage.clickOnBookTripOnSearchResultButton();\nsearchResultsPage.getHeader().should('contain.text', 'Flight number');\nsearchResultsPage.clickOnSelectFlightButton();\nsearchResultsPage.clickOnBookTripButton();",
              "err": {},
              "uuid": "fee24079-69c3-4c1b-a52c-066de1011278",
              "parentUUID": "b676bd3b-41ac-43fd-91b5-90913d40f263",
              "isHook": false,
              "skipped": false
            },
            {
              "title": "should verify checkout process go without problem",
              "fullTitle": "Smoke Test Suite should verify checkout process go without problem",
              "timedOut": null,
              "duration": 4205,
              "state": "failed",
              "speed": null,
              "pass": false,
              "fail": true,
              "pending": false,
              "context": null,
              "code": "searchResultsPage.getHeader().should('contain.text', 'Checkout');\nsearchResultsPage.clickOnNextStepCheckout();\nsearchResultsPage.getNoExtrasInfo().should('contain.text', 'No extras available for selected trip.');\nsearchResultsPage.clickOnNextStepCheckout();\nsearchResultsPage.getTermsAndConditions().should('contain.text', 'By proceeding with the payment you agree to the Terms and Conditions');\nsearchResultsPage.checkPayInCashRadioButton();\nsearchResultsPage.clickOnNextStepCheckout();\nsearchResultsPage.getBookingConfirmation().should('contain.text', 'is confirmed');",
              "err": {
                "message": "AssertionError: Timed out retrying after 4000ms: expected '<span.MuiTypography-root.MuiTypography-bodyLargeRegular.mui-rddso>' to contain text 'Checkout', but the text was 'Login/Register'",
                "estack": "AssertionError: Timed out retrying after 4000ms: expected '<span.MuiTypography-root.MuiTypography-bodyLargeRegular.mui-rddso>' to contain text 'Checkout', but the text was 'Login/Register'\n    at Context.eval (webpack://balkantransfer/./cypress/e2e/smokeTest/smokeTest.cy.js:51:38)",
                "diff": "- 'Login/Register'\n+ 'Checkout'\n"
              },
              "uuid": "d0fafc86-f91a-4c20-b5f9-941bcec8b379",
              "parentUUID": "b676bd3b-41ac-43fd-91b5-90913d40f263",
              "isHook": false,
              "skipped": false
            },
            {
              "title": "should see the trasnfer and cancel it",
              "fullTitle": "Smoke Test Suite should see the trasnfer and cancel it",
              "timedOut": null,
              "duration": 4175,
              "state": "failed",
              "speed": null,
              "pass": false,
              "fail": true,
              "pending": false,
              "context": null,
              "code": "myTransfersPage.clickOnMyTransfersButton();\nmyTransfersPage.getMyTransfersBody().should('contain.text', 'My transfers');\nmyTransfersPage.clickOnTransferDialog();\nmyTransfersPage.clickOnCancelReservationButton();\nmyTransfersPage.clickOnConfirmButtonCancelReservation();",
              "err": {
                "message": "AssertionError: Timed out retrying after 4000ms: Expected to find element: `.MuiBottomNavigation-root > .mui-lez1ce > .MuiBox-root > .MuiButton-outlined`, but never found it.",
                "estack": "AssertionError: Timed out retrying after 4000ms: Expected to find element: `.MuiBottomNavigation-root > .mui-lez1ce > .MuiBox-root > .MuiButton-outlined`, but never found it.\n    at getElement (webpack://balkantransfer/./cypress/utils/cyUtils.js:6:28)\n    at MyTransfersPage.clickOnMyTransfersButton (webpack://balkantransfer/./cypress/pageObjects/MyTransfersPage.js:17:24)\n    at Context.eval (webpack://balkantransfer/./cypress/e2e/smokeTest/smokeTest.cy.js:62:24)",
                "diff": null
              },
              "uuid": "5090ce03-a6ab-4d45-82f9-e66b03efa818",
              "parentUUID": "b676bd3b-41ac-43fd-91b5-90913d40f263",
              "isHook": false,
              "skipped": false
            },
            {
              "title": "should logout from the user account",
              "fullTitle": "Smoke Test Suite should logout from the user account",
              "timedOut": null,
              "duration": 9180,
              "state": "failed",
              "speed": null,
              "pass": false,
              "fail": true,
              "pending": false,
              "context": null,
              "code": "cy.wait(5000);\nhomePage.clickUserButton();\nhomePage.clickOnLogoutButton();",
              "err": {
                "message": "AssertionError: Timed out retrying after 4000ms: Expected to find element: `//div[@class=\"MuiAvatar-root MuiAvatar-circular MuiAvatar-colorDefault mui-14rrwnw\"]`, but never found it.",
                "estack": "AssertionError: Timed out retrying after 4000ms: Expected to find element: `//div[@class=\"MuiAvatar-root MuiAvatar-circular MuiAvatar-colorDefault mui-14rrwnw\"]`, but never found it.\n    at getElementByXPath (webpack://balkantransfer/./cypress/utils/cyUtils.js:10:27)\n    at HomePage.clickUserButton (webpack://balkantransfer/./cypress/pageObjects/HomePage.js:70:31)\n    at Context.eval (webpack://balkantransfer/./cypress/e2e/smokeTest/smokeTest.cy.js:70:17)",
                "diff": null
              },
              "uuid": "ac597cf0-3785-45f4-92f6-ff3fc010e8be",
              "parentUUID": "b676bd3b-41ac-43fd-91b5-90913d40f263",
              "isHook": false,
              "skipped": false
            }
          ],
          "suites": [],
          "passes": [
            "6856d919-8a13-4453-945f-5af390252e56",
            "9c2be193-d411-4509-8795-8787fe0d76fc",
            "739e18f3-0752-43a8-b657-5f953ffd4c69",
            "fee24079-69c3-4c1b-a52c-066de1011278"
          ],
          "failures": [
            "d0fafc86-f91a-4c20-b5f9-941bcec8b379",
            "5090ce03-a6ab-4d45-82f9-e66b03efa818",
            "ac597cf0-3785-45f4-92f6-ff3fc010e8be"
          ],
          "pending": [],
          "skipped": [],
          "duration": 28518,
          "root": false,
          "rootEmpty": false,
          "_timeout": 2000
        }
      ],
      "passes": [],
      "failures": [],
      "pending": [],
      "skipped": [],
      "duration": 0,
      "root": true,
      "rootEmpty": true,
      "_timeout": 2000
    }
  ],
  "meta": {
    "mocha": {
      "version": "7.0.1"
    },
    "mochawesome": {
      "options": {
        "quiet": false,
        "reportFilename": "mochawesome",
        "saveHtml": true,
        "saveJson": true,
        "consoleReporter": "spec",
        "useInlineDiffs": false,
        "code": true
      },
      "version": "7.1.3"
    },
    "marge": {
      "options": {
        "id": "default",
        "reportDir": "cypress/reports",
        "overwrite": false,
        "html": true,
        "json": true
      },
      "version": "6.2.0"
    }
  }
}