{
  "stats": {
    "suites": 1,
    "tests": 7,
    "passes": 7,
    "pending": 0,
    "failures": 0,
    "start": "2024-10-12T00:34:47.676Z",
    "end": "2024-10-12T00:35:32.415Z",
    "duration": 44739,
    "testsRegistered": 7,
    "passPercent": 100,
    "pendingPercent": 0,
    "other": 0,
    "hasOther": false,
    "skipped": 0,
    "hasSkipped": false
  },
  "results": [
    {
      "uuid": "3a174c13-d580-473e-be56-f31db1afc010",
      "title": "",
      "fullFile": "cypress/e2e/smokeTest/smokeTest.cy.js",
      "file": "cypress/e2e/smokeTest/smokeTest.cy.js",
      "beforeHooks": [],
      "afterHooks": [],
      "tests": [],
      "suites": [
        {
          "uuid": "3fd4a375-b747-4306-8276-4cfc3d6d9f79",
          "title": "Smoke Test Suite",
          "fullFile": "",
          "file": "",
          "beforeHooks": [],
          "afterHooks": [],
          "tests": [
            {
              "title": "should check for Welcome header on homepage",
              "fullTitle": "Smoke Test Suite should check for Welcome header on homepage",
              "timedOut": null,
              "duration": 1071,
              "state": "passed",
              "speed": "fast",
              "pass": true,
              "fail": false,
              "pending": false,
              "context": null,
              "code": "homePage.visitHomePage();\nhomePage.getWelcomeHeader().should('contain.text', 'Welcome');\nhomePage.clickOnUserProfile();",
              "err": {},
              "uuid": "7cdb4e19-6d38-4a98-8d2a-810682876f3a",
              "parentUUID": "3fd4a375-b747-4306-8276-4cfc3d6d9f79",
              "isHook": false,
              "skipped": false
            },
            {
              "title": "should login",
              "fullTitle": "Smoke Test Suite should login",
              "timedOut": null,
              "duration": 7264,
              "state": "passed",
              "speed": "medium",
              "pass": true,
              "fail": false,
              "pending": false,
              "context": null,
              "code": "loginPage.visitLoginPage();\nloginPage.loginToPage(data.loginCredentials.email, data.loginCredentials.password);",
              "err": {},
              "uuid": "d2e734e0-ec1d-407d-956b-c48cec6de5c3",
              "parentUUID": "3fd4a375-b747-4306-8276-4cfc3d6d9f79",
              "isHook": false,
              "skipped": false
            },
            {
              "title": "should populate from and to fields",
              "fullTitle": "Smoke Test Suite should populate from and to fields",
              "timedOut": null,
              "duration": 2826,
              "state": "passed",
              "speed": "fast",
              "pass": true,
              "fail": false,
              "pending": false,
              "context": null,
              "code": "homePage.visitHomePage();\nhomePage.getWelcomeHeader().should('contain.text', 'Welcome');\nhomePage.enterFromLocationIntoSearchForm(data.searchFormData.from);\nhomePage.selectDropDownFrom();\nhomePage.enterToLocationIntoSearchForm(data.searchFormData.to);\nhomePage.selectDropdownTo();\nhomePage.clickOnDate();\nhomePage.selectDay();\nhomePage.clickOnSearchButton();",
              "err": {},
              "uuid": "9d0e6266-f23b-411b-82a7-3957f0eaf32b",
              "parentUUID": "3fd4a375-b747-4306-8276-4cfc3d6d9f79",
              "isHook": false,
              "skipped": false
            },
            {
              "title": "should verify search results are displayed",
              "fullTitle": "Smoke Test Suite should verify search results are displayed",
              "timedOut": null,
              "duration": 5904,
              "state": "passed",
              "speed": "medium",
              "pass": true,
              "fail": false,
              "pending": false,
              "context": null,
              "code": "searchResultsPage.visitSearchResultPage();\nsearchResultsPage.getSearchResultsHeader().should('be.visible').should('contain', 'Select your pick-up address');\nsearchResultsPage.insertPickupAddress(data.pickupAddress.pickupAddress);\nsearchResultsPage.getPickupDropdown();\nsearchResultsPage.clickOnConfirmButton();\nsearchResultsPage.clickOnRouteList();\nsearchResultsPage.clickOnBookTripOnSearchResultButton();\nsearchResultsPage.getHeader().should('contain.text', 'Flight number');\nsearchResultsPage.clickOnSelectFlightButton();\nsearchResultsPage.clickOnBookTripButton();",
              "err": {},
              "uuid": "411cc1f4-dd05-4337-b55d-f5a48957afc3",
              "parentUUID": "3fd4a375-b747-4306-8276-4cfc3d6d9f79",
              "isHook": false,
              "skipped": false
            },
            {
              "title": "should verify checkout process go without problem",
              "fullTitle": "Smoke Test Suite should verify checkout process go without problem",
              "timedOut": null,
              "duration": 18468,
              "state": "passed",
              "speed": "slow",
              "pass": true,
              "fail": false,
              "pending": false,
              "context": null,
              "code": "searchResultsPage.getHeader().should('contain.text', 'Checkout');\nsearchResultsPage.clickOnNextStepCheckout();\nsearchResultsPage.getNoExtrasInfo().should('contain.text', 'No extras available for selected trip.');\nsearchResultsPage.clickOnNextStepCheckout();\nsearchResultsPage.getTermsAndConditions().should('contain.text', 'By proceeding with the payment you agree to the Terms and Conditions');\nsearchResultsPage.checkPayInCashRadioButton();\nsearchResultsPage.clickOnNextStepCheckout();\nsearchResultsPage.getBookingConfirmation().should('contain.text', 'is confirmed');",
              "err": {},
              "uuid": "1b30ec5d-2da1-4eda-ba84-8b0d26116fd2",
              "parentUUID": "3fd4a375-b747-4306-8276-4cfc3d6d9f79",
              "isHook": false,
              "skipped": false
            },
            {
              "title": "should see the trasnfer and cancel it",
              "fullTitle": "Smoke Test Suite should see the trasnfer and cancel it",
              "timedOut": null,
              "duration": 3743,
              "state": "passed",
              "speed": "fast",
              "pass": true,
              "fail": false,
              "pending": false,
              "context": null,
              "code": "myTransfersPage.clickOnMyTransfersButton();\nmyTransfersPage.getMyTransfersBody().should('contain.text', 'My transfers');\nmyTransfersPage.clickOnTransferDialog();\nmyTransfersPage.clickOnCancelReservationButton();\nmyTransfersPage.clickOnConfirmButtonCancelReservation();",
              "err": {},
              "uuid": "b33efc79-fd74-4467-b355-896c096b5f60",
              "parentUUID": "3fd4a375-b747-4306-8276-4cfc3d6d9f79",
              "isHook": false,
              "skipped": false
            },
            {
              "title": "should logout from the user account",
              "fullTitle": "Smoke Test Suite should logout from the user account",
              "timedOut": null,
              "duration": 5296,
              "state": "passed",
              "speed": "medium",
              "pass": true,
              "fail": false,
              "pending": false,
              "context": null,
              "code": "cy.wait(5000);\nhomePage.clickUserButton();\nhomePage.clickOnLogoutButton();",
              "err": {},
              "uuid": "c254be41-a880-4f8e-9659-1dbf992cff23",
              "parentUUID": "3fd4a375-b747-4306-8276-4cfc3d6d9f79",
              "isHook": false,
              "skipped": false
            }
          ],
          "suites": [],
          "passes": [
            "7cdb4e19-6d38-4a98-8d2a-810682876f3a",
            "d2e734e0-ec1d-407d-956b-c48cec6de5c3",
            "9d0e6266-f23b-411b-82a7-3957f0eaf32b",
            "411cc1f4-dd05-4337-b55d-f5a48957afc3",
            "1b30ec5d-2da1-4eda-ba84-8b0d26116fd2",
            "b33efc79-fd74-4467-b355-896c096b5f60",
            "c254be41-a880-4f8e-9659-1dbf992cff23"
          ],
          "failures": [],
          "pending": [],
          "skipped": [],
          "duration": 44572,
          "root": false,
          "rootEmpty": false,
          "_timeout": 2000
        }
      ],
      "passes": [],
      "failures": [],
      "pending": [],
      "skipped": [],
      "duration": 0,
      "root": true,
      "rootEmpty": true,
      "_timeout": 2000
    }
  ],
  "meta": {
    "mocha": {
      "version": "7.0.1"
    },
    "mochawesome": {
      "options": {
        "quiet": false,
        "reportFilename": "mochawesome",
        "saveHtml": true,
        "saveJson": true,
        "consoleReporter": "spec",
        "useInlineDiffs": false,
        "code": true
      },
      "version": "7.1.3"
    },
    "marge": {
      "options": {
        "reportDir": "cypress/reports",
        "overwrite": false,
        "charts": true,
        "html": true,
        "json": true
      },
      "version": "6.2.0"
    }
  }
}