{
  "stats": {
    "suites": 1,
    "tests": 4,
    "passes": 4,
    "pending": 0,
    "failures": 0,
    "start": "2024-10-12T15:48:29.504Z",
    "end": "2024-10-12T15:48:35.501Z",
    "duration": 5997,
    "testsRegistered": 4,
    "passPercent": 100,
    "pendingPercent": 0,
    "other": 0,
    "hasOther": false,
    "skipped": 0,
    "hasSkipped": false
  },
  "results": [
    {
      "uuid": "76fb56b8-7619-46a3-9418-30a0e9872580",
      "title": "",
      "fullFile": "cypress/e2e/smokeTest/loginPageTest.cy.js",
      "file": "cypress/e2e/smokeTest/loginPageTest.cy.js",
      "beforeHooks": [],
      "afterHooks": [],
      "tests": [],
      "suites": [
        {
          "uuid": "36f7248f-e7ae-4daf-bd92-4ae13df37613",
          "title": "Login Test Suite",
          "fullFile": "",
          "file": "",
          "beforeHooks": [],
          "afterHooks": [],
          "tests": [
            {
              "title": "should login with valid credentials",
              "fullTitle": "Login Test Suite should login with valid credentials",
              "timedOut": null,
              "duration": 1917,
              "state": "passed",
              "speed": "fast",
              "pass": true,
              "fail": false,
              "pending": false,
              "context": null,
              "code": "// Perform login with valid credentials loaded from JSON file\nloginPage.loginToPage(_balkanTransferData.default.loginCredentials.email, _balkanTransferData.default.loginCredentials.password);",
              "err": {},
              "uuid": "c7a8834d-662b-45ec-ad76-9fb94cd8463e",
              "parentUUID": "36f7248f-e7ae-4daf-bd92-4ae13df37613",
              "isHook": false,
              "skipped": false
            },
            {
              "title": "should show an error when email is empty",
              "fullTitle": "Login Test Suite should show an error when email is empty",
              "timedOut": null,
              "duration": 279,
              "state": "passed",
              "speed": "fast",
              "pass": true,
              "fail": false,
              "pending": false,
              "context": null,
              "code": "// Test for empty email field\nloginPage.getNextButton().click();\nloginPage.getEmailErrorMessage().should('contain.text', 'Email is required');",
              "err": {},
              "uuid": "fc91807a-90fd-4e3c-8346-88127dac4464",
              "parentUUID": "36f7248f-e7ae-4daf-bd92-4ae13df37613",
              "isHook": false,
              "skipped": false
            },
            {
              "title": "should show an error for invalid email formats",
              "fullTitle": "Login Test Suite should show an error for invalid email formats",
              "timedOut": null,
              "duration": 1663,
              "state": "passed",
              "speed": "fast",
              "pass": true,
              "fail": false,
              "pending": false,
              "context": null,
              "code": "_balkanTransferData.default.invalidEmails.forEach(invalidEmail => {\n  loginPage.loginStep1(invalidEmail, _balkanTransferData.default.loginCredentials.password);\n  loginPage.getEmailErrorMessage().should('contain.text', 'Invalid email address');\n});",
              "err": {},
              "uuid": "4b29dc15-85a3-48f4-9ec3-d1dab8b8025a",
              "parentUUID": "36f7248f-e7ae-4daf-bd92-4ae13df37613",
              "isHook": false,
              "skipped": false
            },
            {
              "title": "should show an error for incorrect password",
              "fullTitle": "Login Test Suite should show an error for incorrect password",
              "timedOut": null,
              "duration": 2063,
              "state": "passed",
              "speed": "fast",
              "pass": true,
              "fail": false,
              "pending": false,
              "context": null,
              "code": "// Test for incorrect password\nloginPage.loginToPage(_balkanTransferData.default.loginCredentials.email, 'wrongpassword');\nloginPage.getPasswordErrorMessage().should('contain.text', 'Wrong email or password. Please try again.');",
              "err": {},
              "uuid": "1fbde322-cc8e-473f-80bb-87f1480969d2",
              "parentUUID": "36f7248f-e7ae-4daf-bd92-4ae13df37613",
              "isHook": false,
              "skipped": false
            }
          ],
          "suites": [],
          "passes": [
            "c7a8834d-662b-45ec-ad76-9fb94cd8463e",
            "fc91807a-90fd-4e3c-8346-88127dac4464",
            "4b29dc15-85a3-48f4-9ec3-d1dab8b8025a",
            "1fbde322-cc8e-473f-80bb-87f1480969d2"
          ],
          "failures": [],
          "pending": [],
          "skipped": [],
          "duration": 5922,
          "root": false,
          "rootEmpty": false,
          "_timeout": 2000
        }
      ],
      "passes": [],
      "failures": [],
      "pending": [],
      "skipped": [],
      "duration": 0,
      "root": true,
      "rootEmpty": true,
      "_timeout": 2000
    }
  ],
  "meta": {
    "mocha": {
      "version": "7.0.1"
    },
    "mochawesome": {
      "options": {
        "quiet": false,
        "reportFilename": "mochawesome",
        "saveHtml": true,
        "saveJson": true,
        "consoleReporter": "spec",
        "useInlineDiffs": false,
        "code": true
      },
      "version": "7.1.3"
    },
    "marge": {
      "options": {
        "id": "default",
        "reportDir": "cypress/reports",
        "overwrite": false,
        "html": true,
        "json": true
      },
      "version": "6.2.0"
    }
  }
}