{
  "stats": {
    "suites": 3,
    "tests": 18,
    "passes": 18,
    "pending": 0,
    "failures": 0,
    "testsRegistered": 18,
    "passPercent": 100,
    "pendingPercent": 0,
    "other": 0,
    "hasOther": false,
    "skipped": 0,
    "hasSkipped": false,
    "start": "2024-10-10T20:21:01.652Z",
    "end": "2024-10-12T00:35:32.415Z",
    "duration": 101670763
  },
  "results": [
    {
      "uuid": "b15f1613-daf1-45db-b896-0978e894a2f2",
      "title": "",
      "fullFile": "cypress/e2e/smokeTest/smokeTest.cy.js",
      "file": "cypress/e2e/smokeTest/smokeTest.cy.js",
      "beforeHooks": [],
      "afterHooks": [],
      "tests": [],
      "suites": [
        {
          "uuid": "a8ff2d8e-5773-4f70-a129-2f6e44c75107",
          "title": "Smoke Test Suite",
          "fullFile": "",
          "file": "",
          "beforeHooks": [],
          "afterHooks": [],
          "tests": [
            {
              "title": "should check for Welcome header on homepage",
              "fullTitle": "Smoke Test Suite should check for Welcome header on homepage",
              "timedOut": null,
              "duration": 1728,
              "state": "passed",
              "speed": "fast",
              "pass": true,
              "fail": false,
              "pending": false,
              "context": null,
              "code": "homePage.visitHomePage();\nhomePage.getWelcomeHeader().should('contain.text', 'Welcome');\nhomePage.clickOnUserProfile();",
              "err": {},
              "uuid": "7bf8dbf0-231d-4db4-9b06-72e0caaaab56",
              "parentUUID": "a8ff2d8e-5773-4f70-a129-2f6e44c75107",
              "isHook": false,
              "skipped": false
            },
            {
              "title": "should login",
              "fullTitle": "Smoke Test Suite should login",
              "timedOut": null,
              "duration": 7409,
              "state": "passed",
              "speed": "medium",
              "pass": true,
              "fail": false,
              "pending": false,
              "context": null,
              "code": "loginPage.visitLoginPage();\nloginPage.loginToPage(data.loginCredentials.email, data.loginCredentials.password);",
              "err": {},
              "uuid": "d5c0dc25-c1a7-4c3c-89b6-ec21be55c25d",
              "parentUUID": "a8ff2d8e-5773-4f70-a129-2f6e44c75107",
              "isHook": false,
              "skipped": false
            },
            {
              "title": "should populate from and to fields",
              "fullTitle": "Smoke Test Suite should populate from and to fields",
              "timedOut": null,
              "duration": 2833,
              "state": "passed",
              "speed": "fast",
              "pass": true,
              "fail": false,
              "pending": false,
              "context": null,
              "code": "homePage.visitHomePage();\nhomePage.getWelcomeHeader().should('contain.text', 'Welcome');\nhomePage.enterFromLocationIntoSearchForm(data.searchFormData.from);\nhomePage.selectDropDownFrom();\nhomePage.enterToLocationIntoSearchForm(data.searchFormData.to);\nhomePage.selectDropdownTo();\nhomePage.clickOnDate();\nhomePage.selectDay();\nhomePage.clickOnSearchButton();",
              "err": {},
              "uuid": "859ebf87-203a-4e33-81e5-761e43319ad3",
              "parentUUID": "a8ff2d8e-5773-4f70-a129-2f6e44c75107",
              "isHook": false,
              "skipped": false
            },
            {
              "title": "should verify search results are displayed",
              "fullTitle": "Smoke Test Suite should verify search results are displayed",
              "timedOut": null,
              "duration": 4361,
              "state": "passed",
              "speed": "fast",
              "pass": true,
              "fail": false,
              "pending": false,
              "context": null,
              "code": "searchResultsPage.visitSearchResultPage();\nsearchResultsPage.getSearchResultsHeader().should('be.visible').should('contain', 'Select your pick-up address');\nsearchResultsPage.insertPickupAddress(data.pickupAddress.pickupAddress);\nsearchResultsPage.getPickupDropdown();\nsearchResultsPage.clickOnConfirmButton();\nsearchResultsPage.clickOnRouteList();\nsearchResultsPage.clickOnBookTripOnSearchResultButton();\nsearchResultsPage.getHeader().should('contain.text', 'Flight number');\nsearchResultsPage.clickOnSelectFlightButton();\nsearchResultsPage.clickOnBookTripButton();",
              "err": {},
              "uuid": "e80e6cb5-c0d0-4677-ae8c-d283e2d527e8",
              "parentUUID": "a8ff2d8e-5773-4f70-a129-2f6e44c75107",
              "isHook": false,
              "skipped": false
            },
            {
              "title": "should verify checkout process go without problem",
              "fullTitle": "Smoke Test Suite should verify checkout process go without problem",
              "timedOut": null,
              "duration": 18479,
              "state": "passed",
              "speed": "slow",
              "pass": true,
              "fail": false,
              "pending": false,
              "context": null,
              "code": "searchResultsPage.getHeader().should('contain.text', 'Checkout');\nsearchResultsPage.clickOnNextStepCheckout();\nsearchResultsPage.getNoExtrasInfo().should('contain.text', 'No extras available for selected trip.');\nsearchResultsPage.clickOnNextStepCheckout();\nsearchResultsPage.getTermsAndConditions().should('contain.text', 'By proceeding with the payment you agree to the Terms and Conditions');\nsearchResultsPage.checkPayInCashRadioButton();\nsearchResultsPage.clickOnNextStepCheckout();\nsearchResultsPage.getBookingConfirmation().should('contain.text', 'is confirmed');",
              "err": {},
              "uuid": "64552ece-4a6c-4c3a-8d22-e0684de96b0b",
              "parentUUID": "a8ff2d8e-5773-4f70-a129-2f6e44c75107",
              "isHook": false,
              "skipped": false
            },
            {
              "title": "should see the trasnfer and cancel it",
              "fullTitle": "Smoke Test Suite should see the trasnfer and cancel it",
              "timedOut": null,
              "duration": 3568,
              "state": "passed",
              "speed": "fast",
              "pass": true,
              "fail": false,
              "pending": false,
              "context": null,
              "code": "myTransfersPage.clickOnMyTransfersButton();\nmyTransfersPage.getMyTransfersBody().should('contain.text', 'My transfers');\nmyTransfersPage.clickOnTransferDialog();\nmyTransfersPage.clickOnCancelReservationButton();\nmyTransfersPage.clickOnConfirmButtonCancelReservation();",
              "err": {},
              "uuid": "c541f129-8f7e-41d4-8086-e929e0fcf8e2",
              "parentUUID": "a8ff2d8e-5773-4f70-a129-2f6e44c75107",
              "isHook": false,
              "skipped": false
            },
            {
              "title": "should logout from the user account",
              "fullTitle": "Smoke Test Suite should logout from the user account",
              "timedOut": null,
              "duration": 5283,
              "state": "passed",
              "speed": "medium",
              "pass": true,
              "fail": false,
              "pending": false,
              "context": null,
              "code": "cy.wait(5000);\nhomePage.clickUserButton();\nhomePage.clickOnLogoutButton();",
              "err": {},
              "uuid": "17f7677d-280d-4141-b27a-04fa2b6e62a5",
              "parentUUID": "a8ff2d8e-5773-4f70-a129-2f6e44c75107",
              "isHook": false,
              "skipped": false
            }
          ],
          "suites": [],
          "passes": [
            "7bf8dbf0-231d-4db4-9b06-72e0caaaab56",
            "d5c0dc25-c1a7-4c3c-89b6-ec21be55c25d",
            "859ebf87-203a-4e33-81e5-761e43319ad3",
            "e80e6cb5-c0d0-4677-ae8c-d283e2d527e8",
            "64552ece-4a6c-4c3a-8d22-e0684de96b0b",
            "c541f129-8f7e-41d4-8086-e929e0fcf8e2",
            "17f7677d-280d-4141-b27a-04fa2b6e62a5"
          ],
          "failures": [],
          "pending": [],
          "skipped": [],
          "duration": 43661,
          "root": false,
          "rootEmpty": false,
          "_timeout": 2000
        }
      ],
      "passes": [],
      "failures": [],
      "pending": [],
      "skipped": [],
      "duration": 0,
      "root": true,
      "rootEmpty": true,
      "_timeout": 2000
    },
    {
      "uuid": "cac9d8ae-ea0c-4c44-9be9-806d08efc033",
      "title": "",
      "fullFile": "cypress/e2e/regression/regressionUser.cy.js",
      "file": "cypress/e2e/regression/regressionUser.cy.js",
      "beforeHooks": [],
      "afterHooks": [],
      "tests": [],
      "suites": [
        {
          "uuid": "f9ca5652-06ec-4c03-a284-fc3dfbd6a8d8",
          "title": "Regression User Side Test Suite",
          "fullFile": "",
          "file": "",
          "beforeHooks": [],
          "afterHooks": [],
          "tests": [
            {
              "title": "should check links under Company dropdown on the homepage",
              "fullTitle": "Regression User Side Test Suite should check links under Company dropdown on the homepage",
              "timedOut": null,
              "duration": 4583,
              "state": "passed",
              "speed": "fast",
              "pass": true,
              "fail": false,
              "pending": false,
              "context": null,
              "code": "homePage.visitHomePage();\nhomePage.getWelcomeHeader().should('contain.text', 'Welcome');\nhomePage.clickOnCompanyLink();\nhomePage.clickOnAboutUsLink();\nhomePage.getHeader().should('contain.text', 'About us');\nhomePage.clickOnCompanyLink();\nhomePage.clickOnSafetyAndQualityLink();\nhomePage.getHeader().should('contain.text', 'Safety and quality');\nhomePage.clickOnCompanyLink();\nhomePage.clickOnFaqLink();\nhomePage.getHeader().should('contain.text', 'Frequently asked questions');\nhomePage.clickOnHomeLink();",
              "err": {},
              "uuid": "56aa208a-f8d4-47ff-8423-aeda55bdc891",
              "parentUUID": "f9ca5652-06ec-4c03-a284-fc3dfbd6a8d8",
              "isHook": false,
              "skipped": false
            },
            {
              "title": "should check links under Discover dropdown on the homepage",
              "fullTitle": "Regression User Side Test Suite should check links under Discover dropdown on the homepage",
              "timedOut": null,
              "duration": 1395,
              "state": "passed",
              "speed": "fast",
              "pass": true,
              "fail": false,
              "pending": false,
              "context": null,
              "code": "homePage.clickOnDiscoverLink();\nhomePage.clickOnBlogLink();\nhomePage.getBlogHeader().should('contain.text', 'Blog');\nhomePage.clickOnDiscoverLink();\nhomePage.clickOnTransfersLink();\nhomePage.getBlogHeader().should('contain.text', 'Transfers');\nhomePage.clickOnDiscoverLink();\nhomePage.clickOnDestinationsLink();\nhomePage.getBlogHeader().should('contain.text', 'Destinations');",
              "err": {},
              "uuid": "ac468a90-0b12-4b74-858a-9cf178a87507",
              "parentUUID": "f9ca5652-06ec-4c03-a284-fc3dfbd6a8d8",
              "isHook": false,
              "skipped": false
            },
            {
              "title": "should check Offers and news link on the homepage",
              "fullTitle": "Regression User Side Test Suite should check Offers and news link on the homepage",
              "timedOut": null,
              "duration": 684,
              "state": "passed",
              "speed": "fast",
              "pass": true,
              "fail": false,
              "pending": false,
              "context": null,
              "code": "homePage.clickOnOffersAndNewsLink();\nhomePage.getOffersNewsHeader().should('contain.text', 'Offers & News');",
              "err": {},
              "uuid": "78d2e880-c876-4753-b459-5ae3109d3385",
              "parentUUID": "f9ca5652-06ec-4c03-a284-fc3dfbd6a8d8",
              "isHook": false,
              "skipped": false
            },
            {
              "title": "should check currency dropdown on the homepage",
              "fullTitle": "Regression User Side Test Suite should check currency dropdown on the homepage",
              "timedOut": null,
              "duration": 158,
              "state": "passed",
              "speed": "fast",
              "pass": true,
              "fail": false,
              "pending": false,
              "context": null,
              "code": "homePage.clickOnCurrencyDropdown();\nhomePage.clickOnEurCurrency();\nhomePage.getcurrencyDropdown().should('contain.text', 'Euro');",
              "err": {},
              "uuid": "04ee0347-7a6e-4122-8a0f-a05a4d929f57",
              "parentUUID": "f9ca5652-06ec-4c03-a284-fc3dfbd6a8d8",
              "isHook": false,
              "skipped": false
            }
          ],
          "suites": [],
          "passes": [
            "56aa208a-f8d4-47ff-8423-aeda55bdc891",
            "ac468a90-0b12-4b74-858a-9cf178a87507",
            "78d2e880-c876-4753-b459-5ae3109d3385",
            "04ee0347-7a6e-4122-8a0f-a05a4d929f57"
          ],
          "failures": [],
          "pending": [],
          "skipped": [],
          "duration": 6820,
          "root": false,
          "rootEmpty": false,
          "_timeout": 2000
        }
      ],
      "passes": [],
      "failures": [],
      "pending": [],
      "skipped": [],
      "duration": 0,
      "root": true,
      "rootEmpty": true,
      "_timeout": 2000
    },
    {
      "uuid": "3a174c13-d580-473e-be56-f31db1afc010",
      "title": "",
      "fullFile": "cypress/e2e/smokeTest/smokeTest.cy.js",
      "file": "cypress/e2e/smokeTest/smokeTest.cy.js",
      "beforeHooks": [],
      "afterHooks": [],
      "tests": [],
      "suites": [
        {
          "uuid": "3fd4a375-b747-4306-8276-4cfc3d6d9f79",
          "title": "Smoke Test Suite",
          "fullFile": "",
          "file": "",
          "beforeHooks": [],
          "afterHooks": [],
          "tests": [
            {
              "title": "should check for Welcome header on homepage",
              "fullTitle": "Smoke Test Suite should check for Welcome header on homepage",
              "timedOut": null,
              "duration": 1071,
              "state": "passed",
              "speed": "fast",
              "pass": true,
              "fail": false,
              "pending": false,
              "context": null,
              "code": "homePage.visitHomePage();\nhomePage.getWelcomeHeader().should('contain.text', 'Welcome');\nhomePage.clickOnUserProfile();",
              "err": {},
              "uuid": "7cdb4e19-6d38-4a98-8d2a-810682876f3a",
              "parentUUID": "3fd4a375-b747-4306-8276-4cfc3d6d9f79",
              "isHook": false,
              "skipped": false
            },
            {
              "title": "should login",
              "fullTitle": "Smoke Test Suite should login",
              "timedOut": null,
              "duration": 7264,
              "state": "passed",
              "speed": "medium",
              "pass": true,
              "fail": false,
              "pending": false,
              "context": null,
              "code": "loginPage.visitLoginPage();\nloginPage.loginToPage(data.loginCredentials.email, data.loginCredentials.password);",
              "err": {},
              "uuid": "d2e734e0-ec1d-407d-956b-c48cec6de5c3",
              "parentUUID": "3fd4a375-b747-4306-8276-4cfc3d6d9f79",
              "isHook": false,
              "skipped": false
            },
            {
              "title": "should populate from and to fields",
              "fullTitle": "Smoke Test Suite should populate from and to fields",
              "timedOut": null,
              "duration": 2826,
              "state": "passed",
              "speed": "fast",
              "pass": true,
              "fail": false,
              "pending": false,
              "context": null,
              "code": "homePage.visitHomePage();\nhomePage.getWelcomeHeader().should('contain.text', 'Welcome');\nhomePage.enterFromLocationIntoSearchForm(data.searchFormData.from);\nhomePage.selectDropDownFrom();\nhomePage.enterToLocationIntoSearchForm(data.searchFormData.to);\nhomePage.selectDropdownTo();\nhomePage.clickOnDate();\nhomePage.selectDay();\nhomePage.clickOnSearchButton();",
              "err": {},
              "uuid": "9d0e6266-f23b-411b-82a7-3957f0eaf32b",
              "parentUUID": "3fd4a375-b747-4306-8276-4cfc3d6d9f79",
              "isHook": false,
              "skipped": false
            },
            {
              "title": "should verify search results are displayed",
              "fullTitle": "Smoke Test Suite should verify search results are displayed",
              "timedOut": null,
              "duration": 5904,
              "state": "passed",
              "speed": "medium",
              "pass": true,
              "fail": false,
              "pending": false,
              "context": null,
              "code": "searchResultsPage.visitSearchResultPage();\nsearchResultsPage.getSearchResultsHeader().should('be.visible').should('contain', 'Select your pick-up address');\nsearchResultsPage.insertPickupAddress(data.pickupAddress.pickupAddress);\nsearchResultsPage.getPickupDropdown();\nsearchResultsPage.clickOnConfirmButton();\nsearchResultsPage.clickOnRouteList();\nsearchResultsPage.clickOnBookTripOnSearchResultButton();\nsearchResultsPage.getHeader().should('contain.text', 'Flight number');\nsearchResultsPage.clickOnSelectFlightButton();\nsearchResultsPage.clickOnBookTripButton();",
              "err": {},
              "uuid": "411cc1f4-dd05-4337-b55d-f5a48957afc3",
              "parentUUID": "3fd4a375-b747-4306-8276-4cfc3d6d9f79",
              "isHook": false,
              "skipped": false
            },
            {
              "title": "should verify checkout process go without problem",
              "fullTitle": "Smoke Test Suite should verify checkout process go without problem",
              "timedOut": null,
              "duration": 18468,
              "state": "passed",
              "speed": "slow",
              "pass": true,
              "fail": false,
              "pending": false,
              "context": null,
              "code": "searchResultsPage.getHeader().should('contain.text', 'Checkout');\nsearchResultsPage.clickOnNextStepCheckout();\nsearchResultsPage.getNoExtrasInfo().should('contain.text', 'No extras available for selected trip.');\nsearchResultsPage.clickOnNextStepCheckout();\nsearchResultsPage.getTermsAndConditions().should('contain.text', 'By proceeding with the payment you agree to the Terms and Conditions');\nsearchResultsPage.checkPayInCashRadioButton();\nsearchResultsPage.clickOnNextStepCheckout();\nsearchResultsPage.getBookingConfirmation().should('contain.text', 'is confirmed');",
              "err": {},
              "uuid": "1b30ec5d-2da1-4eda-ba84-8b0d26116fd2",
              "parentUUID": "3fd4a375-b747-4306-8276-4cfc3d6d9f79",
              "isHook": false,
              "skipped": false
            },
            {
              "title": "should see the trasnfer and cancel it",
              "fullTitle": "Smoke Test Suite should see the trasnfer and cancel it",
              "timedOut": null,
              "duration": 3743,
              "state": "passed",
              "speed": "fast",
              "pass": true,
              "fail": false,
              "pending": false,
              "context": null,
              "code": "myTransfersPage.clickOnMyTransfersButton();\nmyTransfersPage.getMyTransfersBody().should('contain.text', 'My transfers');\nmyTransfersPage.clickOnTransferDialog();\nmyTransfersPage.clickOnCancelReservationButton();\nmyTransfersPage.clickOnConfirmButtonCancelReservation();",
              "err": {},
              "uuid": "b33efc79-fd74-4467-b355-896c096b5f60",
              "parentUUID": "3fd4a375-b747-4306-8276-4cfc3d6d9f79",
              "isHook": false,
              "skipped": false
            },
            {
              "title": "should logout from the user account",
              "fullTitle": "Smoke Test Suite should logout from the user account",
              "timedOut": null,
              "duration": 5296,
              "state": "passed",
              "speed": "medium",
              "pass": true,
              "fail": false,
              "pending": false,
              "context": null,
              "code": "cy.wait(5000);\nhomePage.clickUserButton();\nhomePage.clickOnLogoutButton();",
              "err": {},
              "uuid": "c254be41-a880-4f8e-9659-1dbf992cff23",
              "parentUUID": "3fd4a375-b747-4306-8276-4cfc3d6d9f79",
              "isHook": false,
              "skipped": false
            }
          ],
          "suites": [],
          "passes": [
            "7cdb4e19-6d38-4a98-8d2a-810682876f3a",
            "d2e734e0-ec1d-407d-956b-c48cec6de5c3",
            "9d0e6266-f23b-411b-82a7-3957f0eaf32b",
            "411cc1f4-dd05-4337-b55d-f5a48957afc3",
            "1b30ec5d-2da1-4eda-ba84-8b0d26116fd2",
            "b33efc79-fd74-4467-b355-896c096b5f60",
            "c254be41-a880-4f8e-9659-1dbf992cff23"
          ],
          "failures": [],
          "pending": [],
          "skipped": [],
          "duration": 44572,
          "root": false,
          "rootEmpty": false,
          "_timeout": 2000
        }
      ],
      "passes": [],
      "failures": [],
      "pending": [],
      "skipped": [],
      "duration": 0,
      "root": true,
      "rootEmpty": true,
      "_timeout": 2000
    }
  ],
  "meta": {
    "mocha": {
      "version": "7.0.1"
    },
    "mochawesome": {
      "options": {
        "quiet": false,
        "reportFilename": "mochawesome",
        "saveHtml": true,
        "saveJson": true,
        "consoleReporter": "spec",
        "useInlineDiffs": false,
        "code": true
      },
      "version": "7.1.3"
    },
    "marge": {
      "options": {
        "reportDir": "cypress/reports",
        "overwrite": false,
        "html": true,
        "json": true
      },
      "version": "6.2.0"
    }
  }
}